#
# There is insufficient memory for the Java Runtime Environment to continue.
# Native memory allocation (malloc) failed to allocate 1048576 bytes for AllocateHeap
# Possible reasons:
#   The system is out of physical RAM or swap space
#   In 32 bit mode, the process size limit was hit
# Possible solutions:
#   Reduce memory load on the system
#   Increase physical memory or swap space
#   Check if swap backing store is full
#   Use 64 bit Java on a 64 bit OS
#   Decrease Java heap size (-Xmx/-Xms)
#   Decrease number of Java threads
#   Decrease Java thread stack sizes (-Xss)
#   Set larger code cache with -XX:ReservedCodeCacheSize=
# This output file may be truncated or incomplete.
#
#  Out of Memory Error (memory/allocation.inline.hpp:61), pid=14924, tid=0x0000000000003ffc
#
# JRE version:  (8.0_161-b12) (build )
# Java VM: Java HotSpot(TM) 64-Bit Server VM (25.161-b12 mixed mode windows-amd64 compressed oops)
# Failed to write core dump. Minidumps are not enabled by default on client versions of Windows
#

---------------  T H R E A D  ---------------

Current thread (0x0000000002853800):  JavaThread "Unknown thread" [_thread_in_vm, id=16380, stack(0x0000000002360000,0x0000000002460000)]

Stack: [0x0000000002360000,0x0000000002460000]
[error occurred during error reporting (printing stack bounds), id 0xc0000005]

Native frames: (J=compiled Java code, j=interpreted, Vv=VM code, C=native code)


---------------  P R O C E S S  ---------------

Java Threads: ( => current thread )

Other Threads:

=>0x0000000002853800 (exited) JavaThread "Unknown thread" [_thread_in_vm, id=16380, stack(0x0000000002360000,0x0000000002460000)]

VM state:not at safepoint (normal execution)

VM Mutex/Monitor currently owned by a thread: None

Heap:
 PSYoungGen      total 38400K, used 665K [0x00000000d5b80000, 0x00000000d8600000, 0x0000000100000000)
  eden space 33280K, 2% used [0x00000000d5b80000,0x00000000d5c26670,0x00000000d7c00000)
  from space 5120K, 0% used [0x00000000d8100000,0x00000000d8100000,0x00000000d8600000)
  to   space 5120K, 0% used [0x00000000d7c00000,0x00000000d7c00000,0x00000000d8100000)
 ParOldGen       total 87552K, used 0K [0x0000000081200000, 0x0000000086780000, 0x00000000d5b80000)
  object space 87552K, 0% used [0x0000000081200000,0x0000000081200000,0x0000000086780000)
 Metaspace       used 747K, capacity 4480K, committed 4480K, reserved 1056768K
  class space    used 75K, capacity 384K, committed 384K, reserved 1048576K

Card table byte_map: [0x0000000011d10000,0x0000000012110000] byte_map_base: 0x0000000011907000

Marking Bits: (ParMarkBitMap*) 0x00000000748bf860
 Begin Bits: [0x00000000127c0000, 0x0000000014778000)
 End Bits:   [0x0000000014778000, 0x0000000016730000)

Polling page: 0x0000000000b70000

CodeCache: size=245760Kb used=328Kb max_used=328Kb free=245431Kb
 bounds [0x0000000002950000, 0x0000000002bc0000, 0x0000000011950000]
 total_blobs=58 nmethods=0 adapters=38
 compilation: enabled

Compilation events (0 events):
No events

GC Heap History (0 events):
No events

Deoptimization events (0 events):
No events

Classes redefined (0 events):
No events

Internal exceptions (0 events):
No events

Events (10 events):
Event: 0.030 loading class java/lang/Short
Event: 0.030 loading class java/lang/Short done
Event: 0.030 loading class java/lang/Integer
Event: 0.030 loading class java/lang/Integer done
Event: 0.030 loading class java/lang/Long
Event: 0.030 loading class java/lang/Long done
Event: 0.031 loading class java/lang/NullPointerException
Event: 0.031 loading class java/lang/NullPointerException done
Event: 0.031 loading class java/lang/ArithmeticException
Event: 0.031 loading class java/lang/ArithmeticException done


Dynamic libraries:
0x00007ff61e0c0000 - 0x00007ff61e0f7000 	E:\JAVA\JDK\bin\javaw.exe
0x00007fff52970000 - 0x00007fff52b65000 	C:\WINDOWS\SYSTEM32\ntdll.dll
0x00007fff51af0000 - 0x00007fff51bad000 	C:\WINDOWS\System32\KERNEL32.DLL
0x00007fff50210000 - 0x00007fff504d7000 	C:\WINDOWS\System32\KERNELBASE.dll
0x00007fff50f70000 - 0x00007fff5101a000 	C:\WINDOWS\System32\ADVAPI32.dll
0x00007fff509d0000 - 0x00007fff50a6e000 	C:\WINDOWS\System32\msvcrt.dll
0x00007fff51c20000 - 0x00007fff51cbb000 	C:\WINDOWS\System32\sechost.dll
0x00007fff518b0000 - 0x00007fff519d4000 	C:\WINDOWS\System32\RPCRT4.dll
0x00007fff50a70000 - 0x00007fff50c10000 	C:\WINDOWS\System32\USER32.dll
0x00007fff500b0000 - 0x00007fff500d2000 	C:\WINDOWS\System32\win32u.dll
0x00007fff51500000 - 0x00007fff5152a000 	C:\WINDOWS\System32\GDI32.dll
0x00007fff50740000 - 0x00007fff50849000 	C:\WINDOWS\System32\gdi32full.dll
0x00007fff50930000 - 0x00007fff509cd000 	C:\WINDOWS\System32\msvcp_win.dll
0x00007fff504e0000 - 0x00007fff505e0000 	C:\WINDOWS\System32\ucrtbase.dll
0x00007fff410b0000 - 0x00007fff4134b000 	C:\WINDOWS\WinSxS\amd64_microsoft.windows.common-controls_6595b64144ccf1df_6.0.19041.488_none_ca04af081b815d21\COMCTL32.dll
0x00007fff51700000 - 0x00007fff51730000 	C:\WINDOWS\System32\IMM32.DLL
0x0000000075b50000 - 0x0000000075c22000 	E:\JAVA\JDK\jre\bin\msvcr100.dll
0x00000000740a0000 - 0x000000007493f000 	E:\JAVA\JDK\jre\bin\server\jvm.dll
0x00007fff51cc0000 - 0x00007fff51cc8000 	C:\WINDOWS\System32\PSAPI.DLL
0x00007fff36280000 - 0x00007fff36289000 	C:\WINDOWS\SYSTEM32\WSOCK32.dll
0x00007fff45be0000 - 0x00007fff45c07000 	C:\WINDOWS\SYSTEM32\WINMM.dll
0x00007fff496f0000 - 0x00007fff496fa000 	C:\WINDOWS\SYSTEM32\VERSION.dll
0x00007fff51bb0000 - 0x00007fff51c1b000 	C:\WINDOWS\System32\WS2_32.dll
0x0000000074090000 - 0x000000007409f000 	E:\JAVA\JDK\jre\bin\verify.dll
0x0000000074060000 - 0x0000000074089000 	E:\JAVA\JDK\jre\bin\java.dll
0x0000000074040000 - 0x0000000074056000 	E:\JAVA\JDK\jre\bin\zip.dll

VM Arguments:
jvm_args: -ea -Dfile.encoding=GBK 
java_command: org.eclipse.jdt.internal.junit.runner.RemoteTestRunner -version 3 -port 15900 -testLoaderClass org.eclipse.jdt.internal.junit5.runner.JUnit5TestLoader -loaderpluginname org.eclipse.jdt.junit5.runtime -classNames test.Test01
java_class_path (initial): E:\MyEclipse\WorkSpaces\sycm\WebRoot\WEB-INF\classes;E:\MyEclipse\plugins\com.genuitec.eclipse.j2eedt.core_13.0.0.me201808281317\data\libraryset\1.3\activation.jar;E:\MyEclipse\plugins\com.genuitec.eclipse.j2eedt.core_13.0.0.me201808281317\data\libraryset\1.3\javax.servlet.jar;E:\MyEclipse\plugins\com.genuitec.eclipse.j2eedt.core_13.0.0.me201808281317\data\libraryset\1.3\jboss-j2ee.jar;E:\MyEclipse\plugins\com.genuitec.eclipse.j2eedt.core_13.0.0.me201808281317\data\libraryset\1.3\jboss-jaas.jar;E:\MyEclipse\plugins\com.genuitec.eclipse.j2eedt.core_13.0.0.me201808281317\data\libraryset\1.3\jsse.jar;E:\MyEclipse\plugins\com.genuitec.eclipse.j2eedt.core_13.0.0.me201808281317\data\libraryset\1.3\jts.jar;E:\MyEclipse\plugins\com.genuitec.eclipse.j2eedt.core_13.0.0.me201808281317\data\libraryset\1.3\mail.jar;E:\MyEclipse\WorkSpaces\sycm\WebRoot\WEB-INF\lib\bcprov-jdk15to18-166.jar;E:\MyEclipse\WorkSpaces\sycm\WebRoot\WEB-INF\lib\commons-codec-1.14.jar;E:\MyEclipse\WorkSpaces\sycm\WebRoot\WEB-INF\lib\fastjson-1.2.73.jar;E:\MyEclipse\WorkSpaces\sycm\WebRoot\WEB-INF\lib\gson-2.8.0.jar;E:\MyEclipse\WorkSpaces\sycm\WebRoot\WEB-INF\lib\jsoup-1.12.1.jar;E:\MyEclipse\WorkSpaces\sycm\WebRoot\WEB-INF\lib\jsoup-1.13.1.jar;E:\MyEclipse\WorkSpaces\sycm\WebRoot\WEB-INF\lib\mybatis-3.2.2.jar;E:\MyEclipse\WorkSpaces\sycm\WebRoot\WEB-INF\lib\mysql-connector-java-5.1.39-bin.jar;E:\MyEclipse\WorkSpaces\sycm\WebRoot\WEB-INF\lib\urlrewritefilter-4.0.3.jar;E:\MyEclipse\plugins\com.genuitec.eclipse.j2eedt.core_13.0.0.me201808281317\data\libraryset\JSTL1.1\lib\jstl.jar;E:\MyEclipse\plugins\com.genuitec.eclipse.j2eedt.core_13.0.0.me201808281317\data\libraryset\JSTL1.1\lib\standard.jar;E:\MyEclipse\plugins\org.junit.jupiter.api_5.3.1.v20181005-1442.jar;E:\MyEclipse\plugins\org.junit.jupiter.engine_5.3.1.v20181005-1442.jar;E:\MyEclipse\plugins\org.junit.jupiter.migrationsupport_5.3.1.v20181005-1442.jar;E:\MyEclipse\plugins\org.junit.jupiter.params_5.3.1.v20181005-1442.j
Launcher Type: SUN_STANDARD

Environment Variables:
JAVA_HOME=E:\JAVA\JDK
CLASSPATH=.;E:\JAVA\JDK\bin;E:\JAVA\JDK\jre\bin;c:\Program Files (x86)\QuickTime\QTSystem\QTJava.zip
PATH=C:\Program Files (x86)\Common Files\Intel\Shared Libraries\redist\intel64\compiler;E:\JAVA\JDK\bin;E:\JAVA\JDK\jre\bin;C:\Program Files\Microsoft MPI\Bin\;C:\WINDOWS\system32;C:\WINDOWS;C:\WINDOWS\System32\Wbem;C:\WINDOWS\System32\WindowsPowerShell\v1.0\;C:\Program Files (x86)\NVIDIA Corporation\PhysX\Common;C:\WINDOWS\System32\OpenSSH\;C:\Program Files (x86)\Microsoft Visual Studio 9.0\Common7\IDE\PrivateAssemblies\;C:\Program Files\dotnet\;C:\WINDOWS\system32;C:\WINDOWS;C:\WINDOWS\System32\Wbem;C:\WINDOWS\System32\WindowsPowerShell\v1.0\;C:\WINDOWS\System32\OpenSSH\;D:\ffmpeg\bin;C:\ProgramData\chocolatey\bin;%Nodejs%;%Nodejs%\node_modules;E:\Git\cmd;c:\Program Files (x86)\QuickTime\QTSystem\;E:\gcc\bin;D:\Andriod;E:\Microsoft Visual Studio\2017\Community\Common7\Tools;E:\Microsoft Visual Studio\2017\Community\Common7\Tools\vsdevcmd\core;E:\Microsoft Visual Studio\2017\Community\VC\Tools;E:\Microsoft Visual Studio\2017\Community\VC#;E:\Microsoft Visual Studio\2017\Community\VC;E:\Python\Python3.6.8;E:\Python\Python3.6.8\Scripts;E:\NFDL\binaries;E:\rclone;E:\chromedriver;E:\geckodriver;C:\Program Files\Mozilla Firefox;E:\Nodejs;E:\Nodejs\node_global;E:\Python\Python3.6.8\Scripts\;E:\Python\Python3.6.8\;C:\Users\ÃÎØ¼ËæÐÄ·É\.windows-build-tools\python27\;C:\Users\ÃÎØ¼ËæÐÄ·É\AppData\Local\Microsoft\WindowsApps;E:\WebStorm\bin;C:\Users\ÃÎØ¼ËæÐÄ·É\AppData\Local\Microsoft\WindowsApps;E:\PyCharm\bin;D:\Fiddler;C:\Users\ÃÎØ¼ËæÐÄ·É\AppData\Roaming\npm;E:\chromedriver;E:\geckodriver;C:\Program Files\Mozilla Firefox;C:\Users\ÃÎØ¼ËæÐÄ·É\AppData\Local\GitHubDesktop\bin
USERNAME=ÃÎØ¼ËæÐÄ·É
OS=Windows_NT
PROCESSOR_IDENTIFIER=Intel64 Family 6 Model 60 Stepping 3, GenuineIntel



---------------  S Y S T E M  ---------------

OS: Windows 10.0 , 64 bit Build 19041 (10.0.19041.292)

CPU:total 4 (initial active 4) (2 cores per cpu, 2 threads per core) family 6 model 60 stepping 3, cmov, cx8, fxsr, mmx, sse, sse2, sse3, ssse3, sse4.1, sse4.2, popcnt, avx, avx2, aes, clmul, erms, lzcnt, ht, tsc, tscinvbit, bmi1, bmi2

Memory: 4k page, physical 8308888k(1267412k free), swap 8308888k(5600k free)

vm_info: Java HotSpot(TM) 64-Bit Server VM (25.161-b12) for windows-amd64 JRE (1.8.0_161-b12), built on Dec 19 2017 17:52:25 by "java_re" with MS VC++ 10.0 (VS2010)

time: Thu Sep 10 23:55:52 2020
elapsed time: 0 seconds (0d 0h 0m 0s)

